<?xml version="1.0" encoding="UTF-8"?>
<!-- Generated by org.testng.reporters.JUnitReportReporter -->
<testsuite skipped="0" hostname="Tapank.local" name="Freewire.freewire.Base" tests="1" failures="0" timestamp="17 May 2019 09:22:35 GMT" time="34.393" errors="1">
  <testcase name="launchApp" time="34.393" classname="Freewire.freewire.Base">
    <error type="java.lang.NoClassDefFoundError" message="org/apache/commons/lang3/StringUtils">
      <![CDATA[java.lang.NoClassDefFoundError: org/apache/commons/lang3/StringUtilsat io.appium.java_client.HasSessionDetails.lambda$0(HasSessionDetails.java:49)at java.util.stream.ReferencePipeline$2$1.accept(ReferencePipeline.java:174)at com.google.common.collect.CollectSpliterators$1.lambda$forEachRemaining$1(CollectSpliterators.java:117)at java.util.Iterator.forEachRemaining(Iterator.java:116)at java.util.Spliterators$IteratorSpliterator.forEachRemaining(Spliterators.java:1801)at com.google.common.collect.CollectSpliterators$1.forEachRemaining(CollectSpliterators.java:117)at java.util.stream.AbstractPipeline.copyInto(AbstractPipeline.java:481)at java.util.stream.AbstractPipeline.wrapAndCopyInto(AbstractPipeline.java:471)at java.util.stream.ReduceOps$ReduceOp.evaluateSequential(ReduceOps.java:708)at java.util.stream.AbstractPipeline.evaluate(AbstractPipeline.java:234)at java.util.stream.ReferencePipeline.collect(ReferencePipeline.java:499)at io.appium.java_client.HasSessionDetails.getSessionDetails(HasSessionDetails.java:52)at io.appium.java_client.HasSessionDetails.getSessionDetail(HasSessionDetails.java:56)at io.appium.java_client.HasSessionDetails.getPlatformName(HasSessionDetails.java:65)at io.appium.java_client.internal.JsonToMobileElementConverter.<init>(JsonToMobileElementConverter.java:49)at io.appium.java_client.AppiumDriver.<init>(AppiumDriver.java:89)at io.appium.java_client.AppiumDriver.<init>(AppiumDriver.java:94)at io.appium.java_client.ios.IOSDriver.<init>(IOSDriver.java:95)at Freewire.freewire.Base.launchApp(Base.java:34)at sun.reflect.NativeMethodAccessorImpl.invoke0(Native Method)at sun.reflect.NativeMethodAccessorImpl.invoke(NativeMethodAccessorImpl.java:62)at sun.reflect.DelegatingMethodAccessorImpl.invoke(DelegatingMethodAccessorImpl.java:43)at java.lang.reflect.Method.invoke(Method.java:498)at org.testng.internal.MethodInvocationHelper.invokeMethod(MethodInvocationHelper.java:124)at org.testng.internal.MethodInvocationHelper.invokeMethodConsideringTimeout(MethodInvocationHelper.java:59)at org.testng.internal.Invoker.invokeConfigurationMethod(Invoker.java:451)at org.testng.internal.Invoker.invokeConfigurations(Invoker.java:222)at org.testng.internal.Invoker.invokeConfigurations(Invoker.java:142)at org.testng.SuiteRunner.privateRun(SuiteRunner.java:401)at org.testng.SuiteRunner.run(SuiteRunner.java:364)at org.testng.SuiteRunnerWorker.runSuite(SuiteRunnerWorker.java:52)at org.testng.SuiteRunnerWorker.run(SuiteRunnerWorker.java:84)at org.testng.TestNG.runSuitesSequentially(TestNG.java:1187)at org.testng.TestNG.runSuitesLocally(TestNG.java:1116)at org.testng.TestNG.runSuites(TestNG.java:1028)at org.testng.TestNG.run(TestNG.java:996)at org.testng.remote.AbstractRemoteTestNG.run(AbstractRemoteTestNG.java:114)at org.testng.remote.RemoteTestNG.initAndRun(RemoteTestNG.java:251)at org.testng.remote.RemoteTestNG.main(RemoteTestNG.java:77)Caused by: java.lang.ClassNotFoundException: org.apache.commons.lang3.StringUtilsat java.net.URLClassLoader.findClass(URLClassLoader.java:381)at java.lang.ClassLoader.loadClass(ClassLoader.java:424)at sun.misc.Launcher$AppClassLoader.loadClass(Launcher.java:338)at java.lang.ClassLoader.loadClass(ClassLoader.java:357)... 39 more]]>
    </error>
  </testcase> <!-- launchApp -->
</testsuite> <!-- Freewire.freewire.Base -->
